<?xml version="1.0" encoding="UTF-8"?>
<!-- Generated by org.testng.reporters.JUnitReportReporter -->
<testsuite hostname="DESKTOP-L9LVG34" failures="0" tests="1" name="com.TechStalWarts.testCase.TC_EmployeeTest" time="12.128" errors="0" timestamp="2023-02-21T15:55:22 IST" skipped="0">
  <testcase classname="com.TechStalWarts.testCase.TC_EmployeeTest" name="searchEmployee" time="12.128"/>
  <system-out/>
</testsuite> <!-- com.TechStalWarts.testCase.TC_EmployeeTest -->
