<?xml version="1.0" encoding="UTF-8"?>
<!-- Generated by org.testng.reporters.JUnitReportReporter -->
<testsuite hostname="DESKTOP-L9LVG34" failures="0" tests="1" name="com.TechStalWarts.testCase.TC_LogInTest" time="4.644" errors="0" timestamp="2023-03-04T21:51:18 IST" skipped="0">
  <testcase classname="com.TechStalWarts.testCase.TC_LogInTest" name="logInTest" time="4.644"/>
  <system-out/>
</testsuite> <!-- com.TechStalWarts.testCase.TC_LogInTest -->
