<?xml version="1.0" encoding="UTF-8"?>
<!-- Generated by org.testng.reporters.JUnitReportReporter -->
<testsuite hostname="DESKTOP-L9LVG34" failures="0" tests="1" name="com.TechStalWarts.testCase.TC_LogInTest" time="2.740" errors="0" timestamp="2023-02-17T04:13:21 IST" skipped="0">
  <testcase classname="com.TechStalWarts.testCase.TC_LogInTest" name="LogInwithoutCred" time="2.740"/>
  <system-out/>
</testsuite> <!-- com.TechStalWarts.testCase.TC_LogInTest -->
